Build started 2015-10-02 2:25:38 AM.
     1>Project "C:\Users\Singh\Documents\Visual Studio 2015\Projects\MoneyPlusPlus\MoneyPlusPlus\MoneyPlusPlus\MoneyPlusPlus.vcxproj" on node 2 (Build target(s)).
     1>ClCompile:
         C:\Program Files (x86)\Microsoft Visual Studio 14.0\VC\bin\CL.exe /c /ZI /nologo /W3 /WX- /sdl /Od /Oy- /D _MBCS /Gm /EHsc /RTC1 /MDd /GS /fp:precise /Zc:wchar_t /Zc:forScope /Zc:inline /Fo"Debug\\" /Fd"Debug\vc140.pdb" /Gd /TP /analyze- /errorReport:prompt server.cpp
         server.cpp
     1>c:\users\singh\documents\visual studio 2015\projects\moneyplusplus\moneyplusplus\moneyplusplus\server.cpp(19): warning C4715: 'Server::auth': not all control paths return a value
       Link:
         C:\Program Files (x86)\Microsoft Visual Studio 14.0\VC\bin\link.exe /ERRORREPORT:PROMPT /OUT:"C:\Users\Singh\Documents\Visual Studio 2015\Projects\MoneyPlusPlus\MoneyPlusPlus\Debug\MoneyPlusPlus.exe" /INCREMENTAL /NOLOGO kernel32.lib user32.lib gdi32.lib winspool.lib comdlg32.lib advapi32.lib shell32.lib ole32.lib oleaut32.lib uuid.lib odbc32.lib odbccp32.lib /MANIFEST /MANIFESTUAC:"level='asInvoker' uiAccess='false'" /manifest:embed /Debug /PDB:"C:\Users\Singh\Documents\Visual Studio 2015\Projects\MoneyPlusPlus\MoneyPlusPlus\Debug\MoneyPlusPlus.pdb" /TLBID:1 /DYNAMICBASE /NXCOMPAT /IMPLIB:"C:\Users\Singh\Documents\Visual Studio 2015\Projects\MoneyPlusPlus\MoneyPlusPlus\Debug\MoneyPlusPlus.lib" /MACHINE:X86 Debug\account.obj
         Debug\customer.obj
         Debug\server.obj
         Debug\Source.obj
     1>server.obj : error LNK2019: unresolved external symbol "public: int __thiscall Customer::getID(void)" (?getID@Customer@@QAEHXZ) referenced in function "public: bool __thiscall Server::auth(class Customer *)" (?auth@Server@@QAE_NPAVCustomer@@@Z)
     1>C:\Users\Singh\Documents\Visual Studio 2015\Projects\MoneyPlusPlus\MoneyPlusPlus\Debug\MoneyPlusPlus.exe : fatal error LNK1120: 1 unresolved externals
     1>Done Building Project "C:\Users\Singh\Documents\Visual Studio 2015\Projects\MoneyPlusPlus\MoneyPlusPlus\MoneyPlusPlus\MoneyPlusPlus.vcxproj" (Build target(s)) -- FAILED.

Build FAILED.

Time Elapsed 00:00:00.87
